<?xml version="1.0" encoding="UTF-8"?>
<testsuite name="tests.Stam" tests="1" skipped="0" failures="1" errors="0" timestamp="2022-09-01T12:17:40" hostname="DESKTOP-KF54E9L" time="28.194">
  <properties/>
  <testcase name="testo" classname="tests.Stam" time="28.194">
    <failure message="java.lang.AssertionError: expected [2] but found [1]" type="java.lang.AssertionError">java.lang.AssertionError: expected [2] but found [1]
	at org.testng.Assert.fail(Assert.java:99)
	at org.testng.Assert.failNotEquals(Assert.java:1037)
	at org.testng.Assert.assertEqualsImpl(Assert.java:140)
	at org.testng.Assert.assertEquals(Assert.java:122)
	at org.testng.Assert.assertEquals(Assert.java:907)
	at org.testng.Assert.assertEquals(Assert.java:917)
	at manager.Stamm.tsam(Stamm.java:53)
	at tests.Stam.testo(Stam.java:16)
	at sun.reflect.NativeMethodAccessorImpl.invoke0(Native Method)
	at sun.reflect.NativeMethodAccessorImpl.invoke(NativeMethodAccessorImpl.java:62)
	at sun.reflect.DelegatingMethodAccessorImpl.invoke(DelegatingMethodAccessorImpl.java:43)
	at java.lang.reflect.Method.invoke(Method.java:498)
	at org.testng.internal.MethodInvocationHelper.invokeMethod(MethodInvocationHelper.java:133)
	at org.testng.internal.TestInvoker.invokeMethod(TestInvoker.java:598)
	at org.testng.internal.TestInvoker.invokeTestMethod(TestInvoker.java:173)
	at org.testng.internal.MethodRunner.runInSequence(MethodRunner.java:46)
	at org.testng.internal.TestInvoker$MethodInvocationAgent.invoke(TestInvoker.java:824)
	at org.testng.internal.TestInvoker.invokeTestMethods(TestInvoker.java:146)
	at org.testng.internal.TestMethodWorker.invokeTestMethods(TestMethodWorker.java:146)
	at org.testng.internal.TestMethodWorker.run(TestMethodWorker.java:128)
	at java.util.ArrayList.forEach(ArrayList.java:1259)
	at org.testng.TestRunner.privateRun(TestRunner.java:794)
	at org.testng.TestRunner.run(TestRunner.java:596)
	at org.testng.SuiteRunner.runTest(SuiteRunner.java:377)
	at org.testng.SuiteRunner.runSequentially(SuiteRunner.java:371)
	at org.testng.SuiteRunner.privateRun(SuiteRunner.java:332)
	at org.testng.SuiteRunner.run(SuiteRunner.java:276)
	at org.testng.SuiteRunnerWorker.runSuite(SuiteRunnerWorker.java:53)
	at org.testng.SuiteRunnerWorker.run(SuiteRunnerWorker.java:96)
	at org.testng.TestNG.runSuitesSequentially(TestNG.java:1212)
	at org.testng.TestNG.runSuitesLocally(TestNG.java:1134)
	at org.testng.TestNG.runSuites(TestNG.java:1063)
	at org.testng.TestNG.run(TestNG.java:1031)
	at org.gradle.api.internal.tasks.testing.testng.TestNGTestClassProcessor.runTests(TestNGTestClassProcessor.java:141)
	at org.gradle.api.internal.tasks.testing.testng.TestNGTestClassProcessor.stop(TestNGTestClassProcessor.java:90)
	at org.gradle.api.internal.tasks.testing.SuiteTestClassProcessor.stop(SuiteTestClassProcessor.java:61)
	at sun.reflect.NativeMethodAccessorImpl.invoke0(Native Method)
	at sun.reflect.NativeMethodAccessorImpl.invoke(NativeMethodAccessorImpl.java:62)
	at sun.reflect.DelegatingMethodAccessorImpl.invoke(DelegatingMethodAccessorImpl.java:43)
	at java.lang.reflect.Method.invoke(Method.java:498)
	at org.gradle.internal.dispatch.ReflectionDispatch.dispatch(ReflectionDispatch.java:36)
	at org.gradle.internal.dispatch.ReflectionDispatch.dispatch(ReflectionDispatch.java:24)
	at org.gradle.internal.dispatch.ContextClassLoaderDispatch.dispatch(ContextClassLoaderDispatch.java:33)
	at org.gradle.internal.dispatch.ProxyDispatchAdapter$DispatchingInvocationHandler.invoke(ProxyDispatchAdapter.java:94)
	at com.sun.proxy.$Proxy2.stop(Unknown Source)
	at org.gradle.api.internal.tasks.testing.worker.TestWorker$3.run(TestWorker.java:193)
	at org.gradle.api.internal.tasks.testing.worker.TestWorker.executeAndMaintainThreadName(TestWorker.java:129)
	at org.gradle.api.internal.tasks.testing.worker.TestWorker.execute(TestWorker.java:100)
	at org.gradle.api.internal.tasks.testing.worker.TestWorker.execute(TestWorker.java:60)
	at org.gradle.process.internal.worker.child.ActionExecutionWorker.execute(ActionExecutionWorker.java:56)
	at org.gradle.process.internal.worker.child.SystemApplicationClassLoaderWorker.call(SystemApplicationClassLoaderWorker.java:133)
	at org.gradle.process.internal.worker.child.SystemApplicationClassLoaderWorker.call(SystemApplicationClassLoaderWorker.java:71)
	at worker.org.gradle.process.internal.worker.GradleWorkerMain.run(GradleWorkerMain.java:69)
	at worker.org.gradle.process.internal.worker.GradleWorkerMain.main(GradleWorkerMain.java:74)
</failure>
  </testcase>
  <system-out><![CDATA[15:17:40 INFO  tests.Base - Starts test named:--> testo
15:17:40 INFO  manager.MyListener - Start to find element with locator-->By.cssSelector: input[name='username']
15:17:41 INFO  manager.MyListener - Element with locator-->By.cssSelector: input[name='username'] was found
15:17:43 INFO  manager.MyListener - Start to find element with locator-->By.cssSelector: input[name='password']
15:17:43 INFO  manager.MyListener - Element with locator-->By.cssSelector: input[name='password'] was found
15:17:44 INFO  manager.MyListener - Start to find element with locator-->By.cssSelector: input[name='login']
15:17:45 INFO  manager.MyListener - Element with locator-->By.cssSelector: input[name='login'] was found
15:17:52 INFO  manager.MyListener - Start to find element with locator-->By.cssSelector: a[href='/my_plans.php']
15:17:53 INFO  manager.MyListener - Element with locator-->By.cssSelector: a[href='/my_plans.php'] was found
15:17:56 INFO  manager.MyListener - Start to find element with locator-->By.xpath: //li[@data-href='/pbl/edit_info.php?id=501349']/a
15:17:56 INFO  manager.MyListener - Element with locator-->By.xpath: //li[@data-href='/pbl/edit_info.php?id=501349']/a was found
15:18:06 INFO  manager.MyListener - Start to find element with locator-->By.cssSelector: div[class='lead-name']
15:18:06 INFO  manager.MyListener - Element with locator-->By.cssSelector: div[class='lead-name'] was found
15:18:07 INFO  manager.MyListener - Start to find element with locator-->By.cssSelector: div[class='selected-categories-list']
15:18:07 INFO  manager.MyListener - Element with locator-->By.cssSelector: div[class='selected-categories-list'] was found
15:18:07 INFO  manager.MyListener - Start to find element with locator-->By.cssSelector: div[class='suggested-categories-list'] div[class='category-item ']:nth-child(1)
15:18:07 INFO  manager.MyListener - Element with locator-->By.cssSelector: div[class='suggested-categories-list'] div[class='category-item ']:nth-child(1) was found
15:18:08 INFO  manager.MyListener - Start to find element with locator-->By.cssSelector: div[class='suggested-categories-list'] div[class='category-item ']:nth-child(2)
15:18:08 INFO  manager.MyListener - Element with locator-->By.cssSelector: div[class='suggested-categories-list'] div[class='category-item ']:nth-child(2) was found
1
15:18:09 INFO  tests.Base - Finished test named:--> testo
]]></system-out>
  <system-err><![CDATA[]]></system-err>
</testsuite>
