18:27:22 INFO  manager.ApplicationManager - All tests start in Chrome
18:27:28 INFO  manager.MyListener - Start to find element with locator-->By.xpath: //h5[.='Elements']
18:27:28 INFO  manager.MyListener - Element with locator-->By.xpath: //h5[.='Elements'] was found
18:27:28 INFO  manager.MyListener - Start to find element with locator-->By.xpath: //span[.='Buttons']
18:27:28 INFO  manager.MyListener - Element with locator-->By.xpath: //span[.='Buttons'] was found
18:27:28 INFO  tests.Base - Starts test named:--> clicks
18:27:28 INFO  manager.MyListener - Start to find element with locator-->By.id: doubleClickBtn
18:27:28 INFO  manager.MyListener - Element with locator-->By.id: doubleClickBtn was found
18:27:28 INFO  manager.MyListener - Start to find element with locator-->By.id: doubleClickMessage
18:27:28 INFO  manager.MyListener - Element with locator-->By.id: doubleClickMessage was found
18:27:28 INFO  manager.MyListener - Start to find element with locator-->By.id: rightClickBtn
18:27:28 INFO  manager.MyListener - Element with locator-->By.id: rightClickBtn was found
18:27:28 INFO  manager.MyListener - Start to find element with locator-->By.id: rightClickMessage
18:27:28 INFO  manager.MyListener - Element with locator-->By.id: rightClickMessage was found
18:27:28 INFO  manager.MyListener - Start to find element with locator-->By.xpath: //button[.='Click Me']
18:27:28 INFO  manager.MyListener - Element with locator-->By.xpath: //button[.='Click Me'] was found
18:27:28 INFO  manager.MyListener - Start to find element with locator-->By.id: dynamicClickMessage
18:27:33 INFO  manager.MyListener - Something went wrong-->https://demoqa.com/buttons
18:27:33 INFO  manager.MyListener - no such element: Unable to locate element: {"method":"css selector","selector":"#dynamicClickMessage"}
  (Session info: chrome=105.0.5195.127)
For documentation on this error, please visit: https://www.seleniumhq.org/exceptions/no_such_element.html
Build info: version: '3.141.59', revision: 'e82be7d358', time: '2018-11-14T08:17:03'
System info: host: 'ARTEMKA', ip: '192.168.0.103', os.name: 'Windows 10', os.arch: 'amd64', os.version: '10.0', java.version: '1.8.0_333'
Driver info: org.openqa.selenium.chrome.ChromeDriver
Capabilities {acceptInsecureCerts: false, browserName: chrome, browserVersion: 105.0.5195.127, chrome: {chromedriverVersion: 104.0.5112.79 (3cf3e8c8a07d..., userDataDir: C:\Users\ompre\AppData\Loca...}, goog:chromeOptions: {debuggerAddress: localhost:60568}, javascriptEnabled: true, networkConnectionEnabled: false, pageLoadStrategy: normal, platform: WINDOWS, platformName: WINDOWS, proxy: Proxy(), setWindowRect: true, strictFileInteractability: false, timeouts: {implicit: 0, pageLoad: 300000, script: 30000}, unhandledPromptBehavior: dismiss and notify, webauthn:extension:credBlob: true, webauthn:extension:largeBlob: true, webauthn:virtualAuthenticators: true}
Session ID: fa2feff1dc83eea72ea8cd8410c9e9e7
*** Element info: {Using=id, value=dynamicClickMessage}
18:27:33 INFO  manager.MyListener - org.openqa.selenium.NoSuchElementException: no such element: Unable to locate element: {"method":"css selector","selector":"#dynamicClickMessage"}
  (Session info: chrome=105.0.5195.127)
For documentation on this error, please visit: https://www.seleniumhq.org/exceptions/no_such_element.html
Build info: version: '3.141.59', revision: 'e82be7d358', time: '2018-11-14T08:17:03'
System info: host: 'ARTEMKA', ip: '192.168.0.103', os.name: 'Windows 10', os.arch: 'amd64', os.version: '10.0', java.version: '1.8.0_333'
Driver info: org.openqa.selenium.chrome.ChromeDriver
Capabilities {acceptInsecureCerts: false, browserName: chrome, browserVersion: 105.0.5195.127, chrome: {chromedriverVersion: 104.0.5112.79 (3cf3e8c8a07d..., userDataDir: C:\Users\ompre\AppData\Loca...}, goog:chromeOptions: {debuggerAddress: localhost:60568}, javascriptEnabled: true, networkConnectionEnabled: false, pageLoadStrategy: normal, platform: WINDOWS, platformName: WINDOWS, proxy: Proxy(), setWindowRect: true, strictFileInteractability: false, timeouts: {implicit: 0, pageLoad: 300000, script: 30000}, unhandledPromptBehavior: dismiss and notify, webauthn:extension:credBlob: true, webauthn:extension:largeBlob: true, webauthn:virtualAuthenticators: true}
Session ID: fa2feff1dc83eea72ea8cd8410c9e9e7
*** Element info: {Using=id, value=dynamicClickMessage}
18:27:34 INFO  tests.Base - Finished test named:--> clicks
18:27:34 INFO  manager.MyListener - Start to find element with locator-->By.cssSelector: a[href='https://demoqa.com']
18:27:34 INFO  manager.MyListener - Element with locator-->By.cssSelector: a[href='https://demoqa.com'] was found
18:27:34 INFO  manager.MyListener - Start to find element with locator-->By.xpath: //h5[.='Interactions']
18:27:34 INFO  manager.MyListener - Element with locator-->By.xpath: //h5[.='Interactions'] was found
18:27:35 INFO  tests.Base - Starts test named:--> droppable
18:27:35 INFO  manager.MyListener - Start to find element with locator-->By.xpath: //li[.='Droppable']
18:27:35 INFO  manager.MyListener - Element with locator-->By.xpath: //li[.='Droppable'] was found
18:27:35 INFO  manager.MyListener - Start to find element with locator-->By.cssSelector: div[id='draggable']
18:27:35 INFO  manager.MyListener - Element with locator-->By.cssSelector: div[id='draggable'] was found
18:27:35 INFO  manager.MyListener - Start to find element with locator-->By.cssSelector: div#simpleDropContainer div#droppable
18:27:35 INFO  manager.MyListener - Element with locator-->By.cssSelector: div#simpleDropContainer div#droppable was found
18:27:35 INFO  manager.MyListener - Start to find element with locator-->By.xpath: //p[.='Dropped!']
18:27:40 INFO  manager.MyListener - Something went wrong-->https://demoqa.com/droppable
18:27:40 INFO  manager.MyListener - no such element: Unable to locate element: {"method":"xpath","selector":"//p[.='Dropped!']"}
  (Session info: chrome=105.0.5195.127)
For documentation on this error, please visit: https://www.seleniumhq.org/exceptions/no_such_element.html
Build info: version: '3.141.59', revision: 'e82be7d358', time: '2018-11-14T08:17:03'
System info: host: 'ARTEMKA', ip: '192.168.0.103', os.name: 'Windows 10', os.arch: 'amd64', os.version: '10.0', java.version: '1.8.0_333'
Driver info: org.openqa.selenium.chrome.ChromeDriver
Capabilities {acceptInsecureCerts: false, browserName: chrome, browserVersion: 105.0.5195.127, chrome: {chromedriverVersion: 104.0.5112.79 (3cf3e8c8a07d..., userDataDir: C:\Users\ompre\AppData\Loca...}, goog:chromeOptions: {debuggerAddress: localhost:60568}, javascriptEnabled: true, networkConnectionEnabled: false, pageLoadStrategy: normal, platform: WINDOWS, platformName: WINDOWS, proxy: Proxy(), setWindowRect: true, strictFileInteractability: false, timeouts: {implicit: 0, pageLoad: 300000, script: 30000}, unhandledPromptBehavior: dismiss and notify, webauthn:extension:credBlob: true, webauthn:extension:largeBlob: true, webauthn:virtualAuthenticators: true}
Session ID: fa2feff1dc83eea72ea8cd8410c9e9e7
*** Element info: {Using=xpath, value=//p[.='Dropped!']}
18:27:40 INFO  manager.MyListener - org.openqa.selenium.NoSuchElementException: no such element: Unable to locate element: {"method":"xpath","selector":"//p[.='Dropped!']"}
  (Session info: chrome=105.0.5195.127)
For documentation on this error, please visit: https://www.seleniumhq.org/exceptions/no_such_element.html
Build info: version: '3.141.59', revision: 'e82be7d358', time: '2018-11-14T08:17:03'
System info: host: 'ARTEMKA', ip: '192.168.0.103', os.name: 'Windows 10', os.arch: 'amd64', os.version: '10.0', java.version: '1.8.0_333'
Driver info: org.openqa.selenium.chrome.ChromeDriver
Capabilities {acceptInsecureCerts: false, browserName: chrome, browserVersion: 105.0.5195.127, chrome: {chromedriverVersion: 104.0.5112.79 (3cf3e8c8a07d..., userDataDir: C:\Users\ompre\AppData\Loca...}, goog:chromeOptions: {debuggerAddress: localhost:60568}, javascriptEnabled: true, networkConnectionEnabled: false, pageLoadStrategy: normal, platform: WINDOWS, platformName: WINDOWS, proxy: Proxy(), setWindowRect: true, strictFileInteractability: false, timeouts: {implicit: 0, pageLoad: 300000, script: 30000}, unhandledPromptBehavior: dismiss and notify, webauthn:extension:credBlob: true, webauthn:extension:largeBlob: true, webauthn:virtualAuthenticators: true}
Session ID: fa2feff1dc83eea72ea8cd8410c9e9e7
*** Element info: {Using=xpath, value=//p[.='Dropped!']}
18:27:41 INFO  tests.Base - Finished test named:--> droppable
18:27:41 INFO  tests.Base - Starts test named:--> droppable2
18:27:41 INFO  manager.MyListener - Start to find element with locator-->By.cssSelector: div[id='draggable']
18:27:41 INFO  manager.MyListener - Element with locator-->By.cssSelector: div[id='draggable'] was found
18:27:41 INFO  manager.MyListener - Start to find element with locator-->By.cssSelector: div#simpleDropContainer div#droppable
18:27:41 INFO  manager.MyListener - Element with locator-->By.cssSelector: div#simpleDropContainer div#droppable was found
18:27:41 INFO  manager.MyListener - Start to find element with locator-->By.xpath: //p[.='Dropped!']
18:27:41 INFO  manager.MyListener - Element with locator-->By.xpath: //p[.='Dropped!'] was found
18:27:42 INFO  tests.Base - Finished test named:--> droppable2
18:27:42 INFO  tests.Base - Starts test named:--> droppableAccept
18:27:42 INFO  manager.MyListener - Start to find element with locator-->By.xpath: //a[.='Accept']
18:27:42 INFO  manager.MyListener - Element with locator-->By.xpath: //a[.='Accept'] was found
18:27:42 INFO  manager.MyListener - Start to find element with locator-->By.xpath: //a[.='Accept']
18:27:42 INFO  manager.MyListener - Element with locator-->By.xpath: //a[.='Accept'] was found
18:27:42 INFO  manager.MyListener - Start to find element with locator-->By.id: acceptable
18:27:42 INFO  manager.MyListener - Element with locator-->By.id: acceptable was found
18:27:42 INFO  manager.MyListener - Start to find element with locator-->By.cssSelector: div[id='acceptDropContainer'] div#droppable
18:27:42 INFO  manager.MyListener - Element with locator-->By.cssSelector: div[id='acceptDropContainer'] div#droppable was found
18:27:42 INFO  manager.MyListener - Start to find element with locator-->By.xpath: //p[.='Dropped!']
18:27:42 INFO  manager.MyListener - Element with locator-->By.xpath: //p[.='Dropped!'] was found
18:27:43 INFO  tests.Base - Finished test named:--> droppableAccept
18:27:43 INFO  tests.Base - Starts test named:--> droppableNotAccept
18:27:43 INFO  manager.MyListener - Start to find element with locator-->By.xpath: //a[.='Accept']
18:27:43 INFO  manager.MyListener - Element with locator-->By.xpath: //a[.='Accept'] was found
18:27:43 INFO  manager.MyListener - Start to find element with locator-->By.xpath: //a[.='Accept']
18:27:43 INFO  manager.MyListener - Element with locator-->By.xpath: //a[.='Accept'] was found
18:27:43 INFO  manager.MyListener - Start to find element with locator-->By.id: notAcceptable
18:27:43 INFO  manager.MyListener - Element with locator-->By.id: notAcceptable was found
18:27:43 INFO  manager.MyListener - Start to find element with locator-->By.cssSelector: div[id='acceptDropContainer'] div#droppable
18:27:43 INFO  manager.MyListener - Element with locator-->By.cssSelector: div[id='acceptDropContainer'] div#droppable was found
18:27:43 INFO  manager.MyListener - Start to find element with locator-->By.xpath: //p[.='Dropped!']
18:27:48 INFO  manager.MyListener - Something went wrong-->https://demoqa.com/droppable
18:27:48 INFO  manager.MyListener - no such element: Unable to locate element: {"method":"xpath","selector":"//p[.='Dropped!']"}
  (Session info: chrome=105.0.5195.127)
For documentation on this error, please visit: https://www.seleniumhq.org/exceptions/no_such_element.html
Build info: version: '3.141.59', revision: 'e82be7d358', time: '2018-11-14T08:17:03'
System info: host: 'ARTEMKA', ip: '192.168.0.103', os.name: 'Windows 10', os.arch: 'amd64', os.version: '10.0', java.version: '1.8.0_333'
Driver info: org.openqa.selenium.chrome.ChromeDriver
Capabilities {acceptInsecureCerts: false, browserName: chrome, browserVersion: 105.0.5195.127, chrome: {chromedriverVersion: 104.0.5112.79 (3cf3e8c8a07d..., userDataDir: C:\Users\ompre\AppData\Loca...}, goog:chromeOptions: {debuggerAddress: localhost:60568}, javascriptEnabled: true, networkConnectionEnabled: false, pageLoadStrategy: normal, platform: WINDOWS, platformName: WINDOWS, proxy: Proxy(), setWindowRect: true, strictFileInteractability: false, timeouts: {implicit: 0, pageLoad: 300000, script: 30000}, unhandledPromptBehavior: dismiss and notify, webauthn:extension:credBlob: true, webauthn:extension:largeBlob: true, webauthn:virtualAuthenticators: true}
Session ID: fa2feff1dc83eea72ea8cd8410c9e9e7
*** Element info: {Using=xpath, value=//p[.='Dropped!']}
18:27:48 INFO  manager.MyListener - org.openqa.selenium.NoSuchElementException: no such element: Unable to locate element: {"method":"xpath","selector":"//p[.='Dropped!']"}
  (Session info: chrome=105.0.5195.127)
For documentation on this error, please visit: https://www.seleniumhq.org/exceptions/no_such_element.html
Build info: version: '3.141.59', revision: 'e82be7d358', time: '2018-11-14T08:17:03'
System info: host: 'ARTEMKA', ip: '192.168.0.103', os.name: 'Windows 10', os.arch: 'amd64', os.version: '10.0', java.version: '1.8.0_333'
Driver info: org.openqa.selenium.chrome.ChromeDriver
Capabilities {acceptInsecureCerts: false, browserName: chrome, browserVersion: 105.0.5195.127, chrome: {chromedriverVersion: 104.0.5112.79 (3cf3e8c8a07d..., userDataDir: C:\Users\ompre\AppData\Loca...}, goog:chromeOptions: {debuggerAddress: localhost:60568}, javascriptEnabled: true, networkConnectionEnabled: false, pageLoadStrategy: normal, platform: WINDOWS, platformName: WINDOWS, proxy: Proxy(), setWindowRect: true, strictFileInteractability: false, timeouts: {implicit: 0, pageLoad: 300000, script: 30000}, unhandledPromptBehavior: dismiss and notify, webauthn:extension:credBlob: true, webauthn:extension:largeBlob: true, webauthn:virtualAuthenticators: true}
Session ID: fa2feff1dc83eea72ea8cd8410c9e9e7
*** Element info: {Using=xpath, value=//p[.='Dropped!']}
18:27:49 INFO  tests.Base - Finished test named:--> droppableNotAccept
18:27:49 INFO  tests.Base - Starts test named:--> droppablePreventPropagation
18:27:49 INFO  manager.MyListener - Start to find element with locator-->By.xpath: //*[.='Prevent Propogation']
18:27:49 INFO  manager.MyListener - Element with locator-->By.xpath: //*[.='Prevent Propogation'] was found
18:27:51 INFO  manager.MyListener - Start to find element with locator-->By.xpath: //*[.='Inner droppable (greedy)']
18:27:56 INFO  manager.MyListener - Something went wrong-->https://www.browserstack.com/test-on-iphone?utm_source=google&utm_medium=cpc&utm_campaign=Display-Placement-Global-iphone14&utm_adgroup=iphone14&utm_keyword=&utm_matchtype=&gclid=EAIaIQobChMIl8aJ3eKy-gIVp0YdCR1BtguFEAEYASAAEgK1wPD_BwE
18:27:56 INFO  manager.MyListener - no such element: Unable to locate element: {"method":"xpath","selector":"//*[.='Inner droppable (greedy)']"}
  (Session info: chrome=105.0.5195.127)
For documentation on this error, please visit: https://www.seleniumhq.org/exceptions/no_such_element.html
Build info: version: '3.141.59', revision: 'e82be7d358', time: '2018-11-14T08:17:03'
System info: host: 'ARTEMKA', ip: '192.168.0.103', os.name: 'Windows 10', os.arch: 'amd64', os.version: '10.0', java.version: '1.8.0_333'
Driver info: org.openqa.selenium.chrome.ChromeDriver
Capabilities {acceptInsecureCerts: false, browserName: chrome, browserVersion: 105.0.5195.127, chrome: {chromedriverVersion: 104.0.5112.79 (3cf3e8c8a07d..., userDataDir: C:\Users\ompre\AppData\Loca...}, goog:chromeOptions: {debuggerAddress: localhost:60568}, javascriptEnabled: true, networkConnectionEnabled: false, pageLoadStrategy: normal, platform: WINDOWS, platformName: WINDOWS, proxy: Proxy(), setWindowRect: true, strictFileInteractability: false, timeouts: {implicit: 0, pageLoad: 300000, script: 30000}, unhandledPromptBehavior: dismiss and notify, webauthn:extension:credBlob: true, webauthn:extension:largeBlob: true, webauthn:virtualAuthenticators: true}
Session ID: fa2feff1dc83eea72ea8cd8410c9e9e7
*** Element info: {Using=xpath, value=//*[.='Inner droppable (greedy)']}
18:27:56 INFO  manager.MyListener - org.openqa.selenium.NoSuchElementException: no such element: Unable to locate element: {"method":"xpath","selector":"//*[.='Inner droppable (greedy)']"}
  (Session info: chrome=105.0.5195.127)
For documentation on this error, please visit: https://www.seleniumhq.org/exceptions/no_such_element.html
Build info: version: '3.141.59', revision: 'e82be7d358', time: '2018-11-14T08:17:03'
System info: host: 'ARTEMKA', ip: '192.168.0.103', os.name: 'Windows 10', os.arch: 'amd64', os.version: '10.0', java.version: '1.8.0_333'
Driver info: org.openqa.selenium.chrome.ChromeDriver
Capabilities {acceptInsecureCerts: false, browserName: chrome, browserVersion: 105.0.5195.127, chrome: {chromedriverVersion: 104.0.5112.79 (3cf3e8c8a07d..., userDataDir: C:\Users\ompre\AppData\Loca...}, goog:chromeOptions: {debuggerAddress: localhost:60568}, javascriptEnabled: true, networkConnectionEnabled: false, pageLoadStrategy: normal, platform: WINDOWS, platformName: WINDOWS, proxy: Proxy(), setWindowRect: true, strictFileInteractability: false, timeouts: {implicit: 0, pageLoad: 300000, script: 30000}, unhandledPromptBehavior: dismiss and notify, webauthn:extension:credBlob: true, webauthn:extension:largeBlob: true, webauthn:virtualAuthenticators: true}
Session ID: fa2feff1dc83eea72ea8cd8410c9e9e7
*** Element info: {Using=xpath, value=//*[.='Inner droppable (greedy)']}
18:27:57 INFO  tests.Base - Finished test named:--> droppablePreventPropagation
18:27:57 INFO  tests.Base - Starts test named:--> revertDraggable
18:27:57 INFO  manager.MyListener - Start to find element with locator-->By.xpath: //li[.='Droppable']
18:28:03 INFO  manager.MyListener - Something went wrong-->https://www.browserstack.com/test-on-iphone?utm_source=google&utm_medium=cpc&utm_campaign=Display-Placement-Global-iphone14&utm_adgroup=iphone14&utm_keyword=&utm_matchtype=&gclid=EAIaIQobChMIl8aJ3eKy-gIVp0YdCR1BtguFEAEYASAAEgK1wPD_BwE
18:28:03 INFO  manager.MyListener - no such element: Unable to locate element: {"method":"xpath","selector":"//li[.='Droppable']"}
  (Session info: chrome=105.0.5195.127)
For documentation on this error, please visit: https://www.seleniumhq.org/exceptions/no_such_element.html
Build info: version: '3.141.59', revision: 'e82be7d358', time: '2018-11-14T08:17:03'
System info: host: 'ARTEMKA', ip: '192.168.0.103', os.name: 'Windows 10', os.arch: 'amd64', os.version: '10.0', java.version: '1.8.0_333'
Driver info: org.openqa.selenium.chrome.ChromeDriver
Capabilities {acceptInsecureCerts: false, browserName: chrome, browserVersion: 105.0.5195.127, chrome: {chromedriverVersion: 104.0.5112.79 (3cf3e8c8a07d..., userDataDir: C:\Users\ompre\AppData\Loca...}, goog:chromeOptions: {debuggerAddress: localhost:60568}, javascriptEnabled: true, networkConnectionEnabled: false, pageLoadStrategy: normal, platform: WINDOWS, platformName: WINDOWS, proxy: Proxy(), setWindowRect: true, strictFileInteractability: false, timeouts: {implicit: 0, pageLoad: 300000, script: 30000}, unhandledPromptBehavior: dismiss and notify, webauthn:extension:credBlob: true, webauthn:extension:largeBlob: true, webauthn:virtualAuthenticators: true}
Session ID: fa2feff1dc83eea72ea8cd8410c9e9e7
*** Element info: {Using=xpath, value=//li[.='Droppable']}
18:28:03 INFO  manager.MyListener - org.openqa.selenium.NoSuchElementException: no such element: Unable to locate element: {"method":"xpath","selector":"//li[.='Droppable']"}
  (Session info: chrome=105.0.5195.127)
For documentation on this error, please visit: https://www.seleniumhq.org/exceptions/no_such_element.html
Build info: version: '3.141.59', revision: 'e82be7d358', time: '2018-11-14T08:17:03'
System info: host: 'ARTEMKA', ip: '192.168.0.103', os.name: 'Windows 10', os.arch: 'amd64', os.version: '10.0', java.version: '1.8.0_333'
Driver info: org.openqa.selenium.chrome.ChromeDriver
Capabilities {acceptInsecureCerts: false, browserName: chrome, browserVersion: 105.0.5195.127, chrome: {chromedriverVersion: 104.0.5112.79 (3cf3e8c8a07d..., userDataDir: C:\Users\ompre\AppData\Loca...}, goog:chromeOptions: {debuggerAddress: localhost:60568}, javascriptEnabled: true, networkConnectionEnabled: false, pageLoadStrategy: normal, platform: WINDOWS, platformName: WINDOWS, proxy: Proxy(), setWindowRect: true, strictFileInteractability: false, timeouts: {implicit: 0, pageLoad: 300000, script: 30000}, unhandledPromptBehavior: dismiss and notify, webauthn:extension:credBlob: true, webauthn:extension:largeBlob: true, webauthn:virtualAuthenticators: true}
Session ID: fa2feff1dc83eea72ea8cd8410c9e9e7
*** Element info: {Using=xpath, value=//li[.='Droppable']}
18:28:04 INFO  tests.Base - Finished test named:--> revertDraggable
18:28:04 INFO  manager.MyListener - Start to find element with locator-->By.cssSelector: a[href='https://demoqa.com']
18:28:05 INFO  tests.Base - Starts test named:--> alertsBtn
18:28:05 INFO  manager.MyListener - Start to find element with locator-->By.xpath: //*[text()='Alerts, Frame & Windows']/ancestor::div[3]
